<?xml version="1.0" encoding="UTF-8"?>
<testng-results ignored="0" total="1" passed="1" failed="0" skipped="0">
  <reporter-output>
    <line>
      <![CDATA[Facebook – log in or sign up]]>
    </line>
  </reporter-output>
  <suite started-at="2021-02-05T18:46:45 IST" name="Default suite" finished-at="2021-02-05T18:47:21 IST" duration-ms="36562">
    <groups>
    </groups>
    <test started-at="2021-02-05T18:46:45 IST" name="Default test" finished-at="2021-02-05T18:47:21 IST" duration-ms="36562">
      <class name="TestNG.softassert">
        <test-method is-config="true" signature="method1()[pri:0, instance:TestNG.softassert@11c9af63]" started-at="2021-02-05T18:46:45 IST" name="method1" finished-at="2021-02-05T18:47:17 IST" duration-ms="32364" status="PASS">
          <reporter-output>
          </reporter-output>
        </test-method> <!-- method1 -->
        <test-method signature="fun()[pri:0, instance:TestNG.softassert@11c9af63]" started-at="2021-02-05T18:47:17 IST" name="fun" finished-at="2021-02-05T18:47:21 IST" duration-ms="3274" status="PASS">
          <reporter-output>
            <line>
              <![CDATA[Facebook – log in or sign up]]>
            </line>
          </reporter-output>
        </test-method> <!-- fun -->
        <test-method is-config="true" signature="close()[pri:0, instance:TestNG.softassert@11c9af63]" started-at="2021-02-05T18:47:21 IST" name="close" finished-at="2021-02-05T18:47:21 IST" duration-ms="838" status="PASS">
          <reporter-output>
          </reporter-output>
        </test-method> <!-- close -->
      </class> <!-- TestNG.softassert -->
    </test> <!-- Default test -->
  </suite> <!-- Default suite -->
</testng-results>
